{"C:\\Users\\Orlando\\projects\\tfm\\video-games-platform\\backend\\src\\app.js": {"path":"C:\\Users\\Orlando\\projects\\tfm\\video-games-platform\\backend\\src\\app.js","statementMap":{"0":{"start":{"line":1,"column":16},"end":{"line":1,"column":34}},"1":{"start":{"line":3,"column":12},"end":{"line":3,"column":21}},"2":{"start":{"line":5,"column":0},"end":{"line":5,"column":23}},"3":{"start":{"line":7,"column":0},"end":{"line":7,"column":48}},"4":{"start":{"line":9,"column":0},"end":{"line":9,"column":20}}},"fnMap":{},"branchMap":{},"s":{"0":1,"1":1,"2":1,"3":1,"4":1},"f":{},"b":{},"_coverageSchema":"1a1c01bbd47fc00a2c39e90264f33305004495a9","hash":"adc75d9d93a8bad57d35c48442a658d52783ae50"}
,"C:\\Users\\Orlando\\projects\\tfm\\video-games-platform\\backend\\src\\config\\db.js": {"path":"C:\\Users\\Orlando\\projects\\tfm\\video-games-platform\\backend\\src\\config\\db.js","statementMap":{"0":{"start":{"line":1,"column":17},"end":{"line":1,"column":30}},"1":{"start":{"line":2,"column":0},"end":{"line":2,"column":27}},"2":{"start":{"line":4,"column":13},"end":{"line":10,"column":2}},"3":{"start":{"line":12,"column":0},"end":{"line":12,"column":22}}},"fnMap":{},"branchMap":{},"s":{"0":1,"1":1,"2":1,"3":1},"f":{},"b":{},"_coverageSchema":"1a1c01bbd47fc00a2c39e90264f33305004495a9","hash":"07be95a12f0b3a3811acff2f158b25669ad95c33"}
,"C:\\Users\\Orlando\\projects\\tfm\\video-games-platform\\backend\\src\\middleware\\authMiddleware.js": {"path":"C:\\Users\\Orlando\\projects\\tfm\\video-games-platform\\backend\\src\\middleware\\authMiddleware.js","statementMap":{"0":{"start":{"line":1,"column":12},"end":{"line":1,"column":35}},"1":{"start":{"line":3,"column":0},"end":{"line":19,"column":2}},"2":{"start":{"line":4,"column":17},"end":{"line":4,"column":42}},"3":{"start":{"line":6,"column":2},"end":{"line":8,"column":3}},"4":{"start":{"line":7,"column":4},"end":{"line":7,"column":55}},"5":{"start":{"line":10,"column":16},"end":{"line":10,"column":36}},"6":{"start":{"line":12,"column":2},"end":{"line":18,"column":3}},"7":{"start":{"line":13,"column":20},"end":{"line":13,"column":61}},"8":{"start":{"line":14,"column":4},"end":{"line":14,"column":23}},"9":{"start":{"line":15,"column":4},"end":{"line":15,"column":11}},"10":{"start":{"line":17,"column":4},"end":{"line":17,"column":53}}},"fnMap":{"0":{"name":"(anonymous_0)","decl":{"start":{"line":3,"column":17},"end":{"line":3,"column":18}},"loc":{"start":{"line":3,"column":43},"end":{"line":19,"column":1}},"line":3}},"branchMap":{"0":{"loc":{"start":{"line":6,"column":2},"end":{"line":8,"column":3}},"type":"if","locations":[{"start":{"line":6,"column":2},"end":{"line":8,"column":3}},{"start":{},"end":{}}],"line":6}},"s":{"0":1,"1":1,"2":0,"3":0,"4":0,"5":0,"6":0,"7":0,"8":0,"9":0,"10":0},"f":{"0":0},"b":{"0":[0,0]},"_coverageSchema":"1a1c01bbd47fc00a2c39e90264f33305004495a9","hash":"57342b3b0fcc4e9f509144a33d5feae1a30dcbcf"}
,"C:\\Users\\Orlando\\projects\\tfm\\video-games-platform\\backend\\src\\routes\\games.js": {"path":"C:\\Users\\Orlando\\projects\\tfm\\video-games-platform\\backend\\src\\routes\\games.js","statementMap":{"0":{"start":{"line":1,"column":16},"end":{"line":1,"column":34}},"1":{"start":{"line":2,"column":15},"end":{"line":2,"column":31}},"2":{"start":{"line":3,"column":13},"end":{"line":3,"column":36}},"3":{"start":{"line":4,"column":13},"end":{"line":4,"column":52}},"4":{"start":{"line":6,"column":0},"end":{"line":28,"column":2}},"5":{"start":{"line":8,"column":14},"end":{"line":8,"column":43}},"6":{"start":{"line":9,"column":15},"end":{"line":9,"column":46}},"7":{"start":{"line":10,"column":16},"end":{"line":10,"column":34}},"8":{"start":{"line":11,"column":1},"end":{"line":11,"column":41}},"9":{"start":{"line":12,"column":15},"end":{"line":17,"column":2}},"10":{"start":{"line":19,"column":15},"end":{"line":19,"column":61}},"11":{"start":{"line":21,"column":1},"end":{"line":26,"column":3}},"12":{"start":{"line":30,"column":0},"end":{"line":42,"column":2}},"13":{"start":{"line":31,"column":1},"end":{"line":31,"column":42}},"14":{"start":{"line":32,"column":14},"end":{"line":35,"column":2}},"15":{"start":{"line":37,"column":1},"end":{"line":39,"column":2}},"16":{"start":{"line":38,"column":2},"end":{"line":38,"column":58}},"17":{"start":{"line":41,"column":1},"end":{"line":41,"column":23}},"18":{"start":{"line":44,"column":0},"end":{"line":50,"column":3}},"19":{"start":{"line":45,"column":2},"end":{"line":48,"column":4}},"20":{"start":{"line":49,"column":2},"end":{"line":49,"column":46}},"21":{"start":{"line":52,"column":0},"end":{"line":52,"column":24}}},"fnMap":{"0":{"name":"(anonymous_0)","decl":{"start":{"line":6,"column":16},"end":{"line":6,"column":17}},"loc":{"start":{"line":6,"column":36},"end":{"line":28,"column":1}},"line":6},"1":{"name":"(anonymous_1)","decl":{"start":{"line":30,"column":19},"end":{"line":30,"column":20}},"loc":{"start":{"line":30,"column":39},"end":{"line":42,"column":1}},"line":30},"2":{"name":"(anonymous_2)","decl":{"start":{"line":44,"column":35},"end":{"line":44,"column":36}},"loc":{"start":{"line":44,"column":55},"end":{"line":50,"column":1}},"line":44}},"branchMap":{"0":{"loc":{"start":{"line":8,"column":14},"end":{"line":8,"column":43}},"type":"binary-expr","locations":[{"start":{"line":8,"column":14},"end":{"line":8,"column":38}},{"start":{"line":8,"column":42},"end":{"line":8,"column":43}}],"line":8},"1":{"loc":{"start":{"line":9,"column":15},"end":{"line":9,"column":46}},"type":"binary-expr","locations":[{"start":{"line":9,"column":15},"end":{"line":9,"column":40}},{"start":{"line":9,"column":44},"end":{"line":9,"column":46}}],"line":9},"2":{"loc":{"start":{"line":37,"column":1},"end":{"line":39,"column":2}},"type":"if","locations":[{"start":{"line":37,"column":1},"end":{"line":39,"column":2}},{"start":{},"end":{}}],"line":37}},"s":{"0":1,"1":1,"2":1,"3":1,"4":1,"5":1,"6":1,"7":1,"8":1,"9":1,"10":1,"11":1,"12":1,"13":0,"14":0,"15":0,"16":0,"17":0,"18":1,"19":0,"20":0,"21":1},"f":{"0":1,"1":0,"2":0},"b":{"0":[1,1],"1":[1,1],"2":[0,0]},"_coverageSchema":"1a1c01bbd47fc00a2c39e90264f33305004495a9","hash":"0b647f2e5412f8a2d7edd6ef3b48e57023f7efdd"}
}
